0 info it worked if it ends with ok
1 verbose cli [ '/usr/bin/nodejs', '/usr/bin/npm', 'install' ]
2 info using npm@1.3.10
3 info using node@v0.10.25
4 verbose readDependencies using package.json deps
5 verbose install where, deps [ '/var/www/html/hello/ngseed',
5 verbose install   [ 'amdefine',
5 verbose install     'autoprefixer-core',
5 verbose install     'coffee-script',
5 verbose install     'event-stream',
5 verbose install     'gulp',
5 verbose install     'gulp-ng-annotate',
5 verbose install     'gulp-gh-pages',
5 verbose install     'gulp-karma',
5 verbose install     'gulp-livereload',
5 verbose install     'gulp-postcss',
5 verbose install     'gulp-protractor',
5 verbose install     'gulp-requirejs',
5 verbose install     'gulp-sass',
5 verbose install     'gulp-uglify',
5 verbose install     'gulp-util',
5 verbose install     'karma',
5 verbose install     'karma-coffee-preprocessor',
5 verbose install     'karma-chrome-launcher',
5 verbose install     'karma-coverage',
5 verbose install     'karma-firefox-launcher',
5 verbose install     'karma-jasmine',
5 verbose install     'karma-phantomjs-launcher',
5 verbose install     'karma-requirejs',
5 verbose install     'karma-script-launcher',
5 verbose install     'postcss-assets',
5 verbose install     'protractor',
5 verbose install     'underscore' ] ]
6 info preinstall ngseed@0.0.3
7 verbose readDependencies using package.json deps
8 verbose cache add [ 'coffee-script@=1.8.0', null ]
9 verbose cache add name=undefined spec="coffee-script@=1.8.0" args=["coffee-script@=1.8.0",null]
10 verbose parsed url { protocol: null,
10 verbose parsed url   slashes: null,
10 verbose parsed url   auth: null,
10 verbose parsed url   host: null,
10 verbose parsed url   port: null,
10 verbose parsed url   hostname: null,
10 verbose parsed url   hash: null,
10 verbose parsed url   search: null,
10 verbose parsed url   query: null,
10 verbose parsed url   pathname: 'coffee-script@=1.8.0',
10 verbose parsed url   path: 'coffee-script@=1.8.0',
10 verbose parsed url   href: 'coffee-script@=1.8.0' }
11 verbose cache add name="coffee-script" spec="=1.8.0" args=["coffee-script","=1.8.0"]
12 verbose parsed url { protocol: null,
12 verbose parsed url   slashes: null,
12 verbose parsed url   auth: null,
12 verbose parsed url   host: null,
12 verbose parsed url   port: null,
12 verbose parsed url   hostname: null,
12 verbose parsed url   hash: null,
12 verbose parsed url   search: null,
12 verbose parsed url   query: null,
12 verbose parsed url   pathname: '=1.8.0',
12 verbose parsed url   path: '=1.8.0',
12 verbose parsed url   href: '=1.8.0' }
13 verbose addNamed [ 'coffee-script', '=1.8.0' ]
14 verbose addNamed [ null, '=1.8.0' ]
15 verbose cache add [ 'event-stream@=3.2.1', null ]
16 verbose cache add name=undefined spec="event-stream@=3.2.1" args=["event-stream@=3.2.1",null]
17 verbose parsed url { protocol: null,
17 verbose parsed url   slashes: null,
17 verbose parsed url   auth: null,
17 verbose parsed url   host: null,
17 verbose parsed url   port: null,
17 verbose parsed url   hostname: null,
17 verbose parsed url   hash: null,
17 verbose parsed url   search: null,
17 verbose parsed url   query: null,
17 verbose parsed url   pathname: 'event-stream@=3.2.1',
17 verbose parsed url   path: 'event-stream@=3.2.1',
17 verbose parsed url   href: 'event-stream@=3.2.1' }
18 verbose cache add name="event-stream" spec="=3.2.1" args=["event-stream","=3.2.1"]
19 verbose parsed url { protocol: null,
19 verbose parsed url   slashes: null,
19 verbose parsed url   auth: null,
19 verbose parsed url   host: null,
19 verbose parsed url   port: null,
19 verbose parsed url   hostname: null,
19 verbose parsed url   hash: null,
19 verbose parsed url   search: null,
19 verbose parsed url   query: null,
19 verbose parsed url   pathname: '=3.2.1',
19 verbose parsed url   path: '=3.2.1',
19 verbose parsed url   href: '=3.2.1' }
20 verbose addNamed [ 'event-stream', '=3.2.1' ]
21 verbose addNamed [ null, '=3.2.1' ]
22 silly lockFile a2c8d2ea-coffee-script-1-8-0 coffee-script@=1.8.0
23 verbose lock coffee-script@=1.8.0 /home/ubuntu/.npm/a2c8d2ea-coffee-script-1-8-0.lock
24 verbose cache add [ 'gulp@=3.8.10', null ]
25 verbose cache add name=undefined spec="gulp@=3.8.10" args=["gulp@=3.8.10",null]
26 verbose parsed url { protocol: null,
26 verbose parsed url   slashes: null,
26 verbose parsed url   auth: null,
26 verbose parsed url   host: null,
26 verbose parsed url   port: null,
26 verbose parsed url   hostname: null,
26 verbose parsed url   hash: null,
26 verbose parsed url   search: null,
26 verbose parsed url   query: null,
26 verbose parsed url   pathname: 'gulp@=3.8.10',
26 verbose parsed url   path: 'gulp@=3.8.10',
26 verbose parsed url   href: 'gulp@=3.8.10' }
27 verbose cache add name="gulp" spec="=3.8.10" args=["gulp","=3.8.10"]
28 verbose parsed url { protocol: null,
28 verbose parsed url   slashes: null,
28 verbose parsed url   auth: null,
28 verbose parsed url   host: null,
28 verbose parsed url   port: null,
28 verbose parsed url   hostname: null,
28 verbose parsed url   hash: null,
28 verbose parsed url   search: null,
28 verbose parsed url   query: null,
28 verbose parsed url   pathname: '=3.8.10',
28 verbose parsed url   path: '=3.8.10',
28 verbose parsed url   href: '=3.8.10' }
29 verbose addNamed [ 'gulp', '=3.8.10' ]
30 verbose addNamed [ null, '=3.8.10' ]
31 silly lockFile 24314906-gulp-3-8-10 gulp@=3.8.10
32 verbose lock gulp@=3.8.10 /home/ubuntu/.npm/24314906-gulp-3-8-10.lock
33 verbose cache add [ 'gulp-ng-annotate@=0.5.0', null ]
34 verbose cache add name=undefined spec="gulp-ng-annotate@=0.5.0" args=["gulp-ng-annotate@=0.5.0",null]
35 verbose parsed url { protocol: null,
35 verbose parsed url   slashes: null,
35 verbose parsed url   auth: null,
35 verbose parsed url   host: null,
35 verbose parsed url   port: null,
35 verbose parsed url   hostname: null,
35 verbose parsed url   hash: null,
35 verbose parsed url   search: null,
35 verbose parsed url   query: null,
35 verbose parsed url   pathname: 'gulp-ng-annotate@=0.5.0',
35 verbose parsed url   path: 'gulp-ng-annotate@=0.5.0',
35 verbose parsed url   href: 'gulp-ng-annotate@=0.5.0' }
36 verbose cache add name="gulp-ng-annotate" spec="=0.5.0" args=["gulp-ng-annotate","=0.5.0"]
37 verbose parsed url { protocol: null,
37 verbose parsed url   slashes: null,
37 verbose parsed url   auth: null,
37 verbose parsed url   host: null,
37 verbose parsed url   port: null,
37 verbose parsed url   hostname: null,
37 verbose parsed url   hash: null,
37 verbose parsed url   search: null,
37 verbose parsed url   query: null,
37 verbose parsed url   pathname: '=0.5.0',
37 verbose parsed url   path: '=0.5.0',
37 verbose parsed url   href: '=0.5.0' }
38 verbose addNamed [ 'gulp-ng-annotate', '=0.5.0' ]
39 verbose addNamed [ null, '=0.5.0' ]
40 silly lockFile 28685730-gulp-ng-annotate-0-5-0 gulp-ng-annotate@=0.5.0
41 verbose lock gulp-ng-annotate@=0.5.0 /home/ubuntu/.npm/28685730-gulp-ng-annotate-0-5-0.lock
42 verbose cache add [ 'gulp-karma@=0.0.4', null ]
43 verbose cache add name=undefined spec="gulp-karma@=0.0.4" args=["gulp-karma@=0.0.4",null]
44 verbose parsed url { protocol: null,
44 verbose parsed url   slashes: null,
44 verbose parsed url   auth: null,
44 verbose parsed url   host: null,
44 verbose parsed url   port: null,
44 verbose parsed url   hostname: null,
44 verbose parsed url   hash: null,
44 verbose parsed url   search: null,
44 verbose parsed url   query: null,
44 verbose parsed url   pathname: 'gulp-karma@=0.0.4',
44 verbose parsed url   path: 'gulp-karma@=0.0.4',
44 verbose parsed url   href: 'gulp-karma@=0.0.4' }
45 verbose cache add name="gulp-karma" spec="=0.0.4" args=["gulp-karma","=0.0.4"]
46 verbose parsed url { protocol: null,
46 verbose parsed url   slashes: null,
46 verbose parsed url   auth: null,
46 verbose parsed url   host: null,
46 verbose parsed url   port: null,
46 verbose parsed url   hostname: null,
46 verbose parsed url   hash: null,
46 verbose parsed url   search: null,
46 verbose parsed url   query: null,
46 verbose parsed url   pathname: '=0.0.4',
46 verbose parsed url   path: '=0.0.4',
46 verbose parsed url   href: '=0.0.4' }
47 verbose addNamed [ 'gulp-karma', '=0.0.4' ]
48 verbose addNamed [ null, '=0.0.4' ]
49 silly lockFile 3c08c60b-gulp-karma-0-0-4 gulp-karma@=0.0.4
50 verbose lock gulp-karma@=0.0.4 /home/ubuntu/.npm/3c08c60b-gulp-karma-0-0-4.lock
51 verbose cache add [ 'gulp-gh-pages@=0.3.3', null ]
52 verbose cache add name=undefined spec="gulp-gh-pages@=0.3.3" args=["gulp-gh-pages@=0.3.3",null]
53 verbose parsed url { protocol: null,
53 verbose parsed url   slashes: null,
53 verbose parsed url   auth: null,
53 verbose parsed url   host: null,
53 verbose parsed url   port: null,
53 verbose parsed url   hostname: null,
53 verbose parsed url   hash: null,
53 verbose parsed url   search: null,
53 verbose parsed url   query: null,
53 verbose parsed url   pathname: 'gulp-gh-pages@=0.3.3',
53 verbose parsed url   path: 'gulp-gh-pages@=0.3.3',
53 verbose parsed url   href: 'gulp-gh-pages@=0.3.3' }
54 verbose cache add name="gulp-gh-pages" spec="=0.3.3" args=["gulp-gh-pages","=0.3.3"]
55 verbose parsed url { protocol: null,
55 verbose parsed url   slashes: null,
55 verbose parsed url   auth: null,
55 verbose parsed url   host: null,
55 verbose parsed url   port: null,
55 verbose parsed url   hostname: null,
55 verbose parsed url   hash: null,
55 verbose parsed url   search: null,
55 verbose parsed url   query: null,
55 verbose parsed url   pathname: '=0.3.3',
55 verbose parsed url   path: '=0.3.3',
55 verbose parsed url   href: '=0.3.3' }
56 verbose addNamed [ 'gulp-gh-pages', '=0.3.3' ]
57 verbose addNamed [ null, '=0.3.3' ]
58 silly lockFile 20b138d8-gulp-gh-pages-0-3-3 gulp-gh-pages@=0.3.3
59 verbose lock gulp-gh-pages@=0.3.3 /home/ubuntu/.npm/20b138d8-gulp-gh-pages-0-3-3.lock
60 verbose cache add [ 'gulp-livereload@=3.4.0', null ]
61 verbose cache add name=undefined spec="gulp-livereload@=3.4.0" args=["gulp-livereload@=3.4.0",null]
62 verbose parsed url { protocol: null,
62 verbose parsed url   slashes: null,
62 verbose parsed url   auth: null,
62 verbose parsed url   host: null,
62 verbose parsed url   port: null,
62 verbose parsed url   hostname: null,
62 verbose parsed url   hash: null,
62 verbose parsed url   search: null,
62 verbose parsed url   query: null,
62 verbose parsed url   pathname: 'gulp-livereload@=3.4.0',
62 verbose parsed url   path: 'gulp-livereload@=3.4.0',
62 verbose parsed url   href: 'gulp-livereload@=3.4.0' }
63 verbose cache add name="gulp-livereload" spec="=3.4.0" args=["gulp-livereload","=3.4.0"]
64 verbose parsed url { protocol: null,
64 verbose parsed url   slashes: null,
64 verbose parsed url   auth: null,
64 verbose parsed url   host: null,
64 verbose parsed url   port: null,
64 verbose parsed url   hostname: null,
64 verbose parsed url   hash: null,
64 verbose parsed url   search: null,
64 verbose parsed url   query: null,
64 verbose parsed url   pathname: '=3.4.0',
64 verbose parsed url   path: '=3.4.0',
64 verbose parsed url   href: '=3.4.0' }
65 verbose addNamed [ 'gulp-livereload', '=3.4.0' ]
66 verbose addNamed [ null, '=3.4.0' ]
67 silly lockFile 90b60abc-gulp-livereload-3-4-0 gulp-livereload@=3.4.0
68 verbose lock gulp-livereload@=3.4.0 /home/ubuntu/.npm/90b60abc-gulp-livereload-3-4-0.lock
69 verbose cache add [ 'gulp-postcss@^4.0.0', null ]
70 verbose cache add name=undefined spec="gulp-postcss@^4.0.0" args=["gulp-postcss@^4.0.0",null]
71 verbose parsed url { protocol: null,
71 verbose parsed url   slashes: null,
71 verbose parsed url   auth: null,
71 verbose parsed url   host: null,
71 verbose parsed url   port: null,
71 verbose parsed url   hostname: null,
71 verbose parsed url   hash: null,
71 verbose parsed url   search: null,
71 verbose parsed url   query: null,
71 verbose parsed url   pathname: 'gulp-postcss@^4.0.0',
71 verbose parsed url   path: 'gulp-postcss@^4.0.0',
71 verbose parsed url   href: 'gulp-postcss@^4.0.0' }
72 verbose cache add name="gulp-postcss" spec="^4.0.0" args=["gulp-postcss","^4.0.0"]
73 verbose parsed url { protocol: null,
73 verbose parsed url   slashes: null,
73 verbose parsed url   auth: null,
73 verbose parsed url   host: null,
73 verbose parsed url   port: null,
73 verbose parsed url   hostname: null,
73 verbose parsed url   hash: null,
73 verbose parsed url   search: null,
73 verbose parsed url   query: null,
73 verbose parsed url   pathname: '^4.0.0',
73 verbose parsed url   path: '^4.0.0',
73 verbose parsed url   href: '^4.0.0' }
74 verbose addNamed [ 'gulp-postcss', '^4.0.0' ]
75 verbose addNamed [ null, '>=4.0.0-0 <5.0.0-0' ]
76 silly lockFile e2ec9419-gulp-postcss-4-0-0 gulp-postcss@^4.0.0
77 verbose lock gulp-postcss@^4.0.0 /home/ubuntu/.npm/e2ec9419-gulp-postcss-4-0-0.lock
78 silly lockFile b14a3aa3-event-stream-3-2-1 event-stream@=3.2.1
79 verbose lock event-stream@=3.2.1 /home/ubuntu/.npm/b14a3aa3-event-stream-3-2-1.lock
80 verbose cache add [ 'gulp-protractor@=0.0.12', null ]
81 verbose cache add name=undefined spec="gulp-protractor@=0.0.12" args=["gulp-protractor@=0.0.12",null]
82 verbose parsed url { protocol: null,
82 verbose parsed url   slashes: null,
82 verbose parsed url   auth: null,
82 verbose parsed url   host: null,
82 verbose parsed url   port: null,
82 verbose parsed url   hostname: null,
82 verbose parsed url   hash: null,
82 verbose parsed url   search: null,
82 verbose parsed url   query: null,
82 verbose parsed url   pathname: 'gulp-protractor@=0.0.12',
82 verbose parsed url   path: 'gulp-protractor@=0.0.12',
82 verbose parsed url   href: 'gulp-protractor@=0.0.12' }
83 verbose cache add name="gulp-protractor" spec="=0.0.12" args=["gulp-protractor","=0.0.12"]
84 verbose parsed url { protocol: null,
84 verbose parsed url   slashes: null,
84 verbose parsed url   auth: null,
84 verbose parsed url   host: null,
84 verbose parsed url   port: null,
84 verbose parsed url   hostname: null,
84 verbose parsed url   hash: null,
84 verbose parsed url   search: null,
84 verbose parsed url   query: null,
84 verbose parsed url   pathname: '=0.0.12',
84 verbose parsed url   path: '=0.0.12',
84 verbose parsed url   href: '=0.0.12' }
85 verbose addNamed [ 'gulp-protractor', '=0.0.12' ]
86 verbose addNamed [ null, '=0.0.12' ]
87 silly lockFile dfe7ffdf-gulp-protractor-0-0-12 gulp-protractor@=0.0.12
88 verbose lock gulp-protractor@=0.0.12 /home/ubuntu/.npm/dfe7ffdf-gulp-protractor-0-0-12.lock
89 silly addNameRange { name: 'gulp-postcss',
89 silly addNameRange   range: '>=4.0.0-0 <5.0.0-0',
89 silly addNameRange   hasData: false }
90 verbose cache add [ 'gulp-uglify@=1.1.0', null ]
91 verbose cache add name=undefined spec="gulp-uglify@=1.1.0" args=["gulp-uglify@=1.1.0",null]
92 verbose parsed url { protocol: null,
92 verbose parsed url   slashes: null,
92 verbose parsed url   auth: null,
92 verbose parsed url   host: null,
92 verbose parsed url   port: null,
92 verbose parsed url   hostname: null,
92 verbose parsed url   hash: null,
92 verbose parsed url   search: null,
92 verbose parsed url   query: null,
92 verbose parsed url   pathname: 'gulp-uglify@=1.1.0',
92 verbose parsed url   path: 'gulp-uglify@=1.1.0',
92 verbose parsed url   href: 'gulp-uglify@=1.1.0' }
93 verbose cache add name="gulp-uglify" spec="=1.1.0" args=["gulp-uglify","=1.1.0"]
94 verbose parsed url { protocol: null,
94 verbose parsed url   slashes: null,
94 verbose parsed url   auth: null,
94 verbose parsed url   host: null,
94 verbose parsed url   port: null,
94 verbose parsed url   hostname: null,
94 verbose parsed url   hash: null,
94 verbose parsed url   search: null,
94 verbose parsed url   query: null,
94 verbose parsed url   pathname: '=1.1.0',
94 verbose parsed url   path: '=1.1.0',
94 verbose parsed url   href: '=1.1.0' }
95 verbose addNamed [ 'gulp-uglify', '=1.1.0' ]
96 verbose addNamed [ null, '=1.1.0' ]
97 silly lockFile 4aeb35c8-gulp-uglify-1-1-0 gulp-uglify@=1.1.0
98 verbose lock gulp-uglify@=1.1.0 /home/ubuntu/.npm/4aeb35c8-gulp-uglify-1-1-0.lock
99 verbose cache add [ 'gulp-requirejs@git://github.com/StarterSquad/gulp-requirejs.git',
99 verbose cache add   null ]
100 verbose cache add name=undefined spec="gulp-requirejs@git://github.com/StarterSquad/gulp-requirejs.git" args=["gulp-requirejs@git://github.com/StarterSquad/gulp-requirejs.git",null]
101 verbose parsed url { protocol: null,
101 verbose parsed url   slashes: null,
101 verbose parsed url   auth: null,
101 verbose parsed url   host: null,
101 verbose parsed url   port: null,
101 verbose parsed url   hostname: null,
101 verbose parsed url   hash: null,
101 verbose parsed url   search: null,
101 verbose parsed url   query: null,
101 verbose parsed url   pathname: 'gulp-requirejs@git://github.com/StarterSquad/gulp-requirejs.git',
101 verbose parsed url   path: 'gulp-requirejs@git://github.com/StarterSquad/gulp-requirejs.git',
101 verbose parsed url   href: 'gulp-requirejs@git://github.com/StarterSquad/gulp-requirejs.git' }
102 verbose cache add name="gulp-requirejs" spec="git://github.com/StarterSquad/gulp-requirejs.git" args=["gulp-requirejs","git://github.com/StarterSquad/gulp-requirejs.git"]
103 verbose parsed url { protocol: 'git:',
103 verbose parsed url   slashes: true,
103 verbose parsed url   auth: null,
103 verbose parsed url   host: 'github.com',
103 verbose parsed url   port: null,
103 verbose parsed url   hostname: 'github.com',
103 verbose parsed url   hash: null,
103 verbose parsed url   search: null,
103 verbose parsed url   query: null,
103 verbose parsed url   pathname: '/StarterSquad/gulp-requirejs.git',
103 verbose parsed url   path: '/StarterSquad/gulp-requirejs.git',
103 verbose parsed url   href: 'git://github.com/StarterSquad/gulp-requirejs.git' }
104 silly lockFile 3824ad8c--StarterSquad-gulp-requirejs-git git://github.com/StarterSquad/gulp-requirejs.git
105 verbose lock git://github.com/StarterSquad/gulp-requirejs.git /home/ubuntu/.npm/3824ad8c--StarterSquad-gulp-requirejs-git.lock
106 verbose cache add [ 'gulp-util@=3.0.2', null ]
107 verbose cache add name=undefined spec="gulp-util@=3.0.2" args=["gulp-util@=3.0.2",null]
108 verbose parsed url { protocol: null,
108 verbose parsed url   slashes: null,
108 verbose parsed url   auth: null,
108 verbose parsed url   host: null,
108 verbose parsed url   port: null,
108 verbose parsed url   hostname: null,
108 verbose parsed url   hash: null,
108 verbose parsed url   search: null,
108 verbose parsed url   query: null,
108 verbose parsed url   pathname: 'gulp-util@=3.0.2',
108 verbose parsed url   path: 'gulp-util@=3.0.2',
108 verbose parsed url   href: 'gulp-util@=3.0.2' }
109 verbose cache add name="gulp-util" spec="=3.0.2" args=["gulp-util","=3.0.2"]
110 verbose parsed url { protocol: null,
110 verbose parsed url   slashes: null,
110 verbose parsed url   auth: null,
110 verbose parsed url   host: null,
110 verbose parsed url   port: null,
110 verbose parsed url   hostname: null,
110 verbose parsed url   hash: null,
110 verbose parsed url   search: null,
110 verbose parsed url   query: null,
110 verbose parsed url   pathname: '=3.0.2',
110 verbose parsed url   path: '=3.0.2',
110 verbose parsed url   href: '=3.0.2' }
111 verbose addNamed [ 'gulp-util', '=3.0.2' ]
112 verbose addNamed [ null, '=3.0.2' ]
113 silly lockFile 69a8300f-gulp-util-3-0-2 gulp-util@=3.0.2
114 verbose lock gulp-util@=3.0.2 /home/ubuntu/.npm/69a8300f-gulp-util-3-0-2.lock
115 verbose cache add [ 'gulp-sass@=1.3.2', null ]
116 verbose cache add name=undefined spec="gulp-sass@=1.3.2" args=["gulp-sass@=1.3.2",null]
117 verbose parsed url { protocol: null,
117 verbose parsed url   slashes: null,
117 verbose parsed url   auth: null,
117 verbose parsed url   host: null,
117 verbose parsed url   port: null,
117 verbose parsed url   hostname: null,
117 verbose parsed url   hash: null,
117 verbose parsed url   search: null,
117 verbose parsed url   query: null,
117 verbose parsed url   pathname: 'gulp-sass@=1.3.2',
117 verbose parsed url   path: 'gulp-sass@=1.3.2',
117 verbose parsed url   href: 'gulp-sass@=1.3.2' }
118 verbose cache add name="gulp-sass" spec="=1.3.2" args=["gulp-sass","=1.3.2"]
119 verbose parsed url { protocol: null,
119 verbose parsed url   slashes: null,
119 verbose parsed url   auth: null,
119 verbose parsed url   host: null,
119 verbose parsed url   port: null,
119 verbose parsed url   hostname: null,
119 verbose parsed url   hash: null,
119 verbose parsed url   search: null,
119 verbose parsed url   query: null,
119 verbose parsed url   pathname: '=1.3.2',
119 verbose parsed url   path: '=1.3.2',
119 verbose parsed url   href: '=1.3.2' }
120 verbose addNamed [ 'gulp-sass', '=1.3.2' ]
121 verbose addNamed [ null, '=1.3.2' ]
122 silly lockFile 5e2f8a1c-gulp-sass-1-3-2 gulp-sass@=1.3.2
123 verbose lock gulp-sass@=1.3.2 /home/ubuntu/.npm/5e2f8a1c-gulp-sass-1-3-2.lock
124 verbose cache add [ 'karma@=0.12.31', null ]
125 verbose cache add name=undefined spec="karma@=0.12.31" args=["karma@=0.12.31",null]
126 verbose parsed url { protocol: null,
126 verbose parsed url   slashes: null,
126 verbose parsed url   auth: null,
126 verbose parsed url   host: null,
126 verbose parsed url   port: null,
126 verbose parsed url   hostname: null,
126 verbose parsed url   hash: null,
126 verbose parsed url   search: null,
126 verbose parsed url   query: null,
126 verbose parsed url   pathname: 'karma@=0.12.31',
126 verbose parsed url   path: 'karma@=0.12.31',
126 verbose parsed url   href: 'karma@=0.12.31' }
127 verbose cache add name="karma" spec="=0.12.31" args=["karma","=0.12.31"]
128 verbose parsed url { protocol: null,
128 verbose parsed url   slashes: null,
128 verbose parsed url   auth: null,
128 verbose parsed url   host: null,
128 verbose parsed url   port: null,
128 verbose parsed url   hostname: null,
128 verbose parsed url   hash: null,
128 verbose parsed url   search: null,
128 verbose parsed url   query: null,
128 verbose parsed url   pathname: '=0.12.31',
128 verbose parsed url   path: '=0.12.31',
128 verbose parsed url   href: '=0.12.31' }
129 verbose addNamed [ 'karma', '=0.12.31' ]
130 verbose addNamed [ null, '=0.12.31' ]
131 silly lockFile 2e004ee4-karma-0-12-31 karma@=0.12.31
132 verbose lock karma@=0.12.31 /home/ubuntu/.npm/2e004ee4-karma-0-12-31.lock
133 verbose url raw coffee-script/1.8.0
134 verbose url resolving [ 'https://registry.npmjs.org/', './coffee-script/1.8.0' ]
135 verbose url resolved https://registry.npmjs.org/coffee-script/1.8.0
136 info trying registry request attempt 1 at 14:09:03
137 http GET https://registry.npmjs.org/coffee-script/1.8.0
138 verbose url raw gulp/3.8.10
139 verbose url resolving [ 'https://registry.npmjs.org/', './gulp/3.8.10' ]
140 verbose url resolved https://registry.npmjs.org/gulp/3.8.10
141 info trying registry request attempt 1 at 14:09:03
142 http GET https://registry.npmjs.org/gulp/3.8.10
143 verbose url raw gulp-livereload/3.4.0
144 verbose url resolving [ 'https://registry.npmjs.org/', './gulp-livereload/3.4.0' ]
145 verbose url resolved https://registry.npmjs.org/gulp-livereload/3.4.0
146 info trying registry request attempt 1 at 14:09:03
147 http GET https://registry.npmjs.org/gulp-livereload/3.4.0
148 verbose url raw gulp-postcss
149 verbose url resolving [ 'https://registry.npmjs.org/', './gulp-postcss' ]
150 verbose url resolved https://registry.npmjs.org/gulp-postcss
151 info trying registry request attempt 1 at 14:09:03
152 http GET https://registry.npmjs.org/gulp-postcss
153 verbose url raw event-stream/3.2.1
154 verbose url resolving [ 'https://registry.npmjs.org/', './event-stream/3.2.1' ]
155 verbose url resolved https://registry.npmjs.org/event-stream/3.2.1
156 info trying registry request attempt 1 at 14:09:03
157 http GET https://registry.npmjs.org/event-stream/3.2.1
158 verbose cache add [ 'karma-coffee-preprocessor@=0.2.1', null ]
159 verbose cache add name=undefined spec="karma-coffee-preprocessor@=0.2.1" args=["karma-coffee-preprocessor@=0.2.1",null]
160 verbose parsed url { protocol: null,
160 verbose parsed url   slashes: null,
160 verbose parsed url   auth: null,
160 verbose parsed url   host: null,
160 verbose parsed url   port: null,
160 verbose parsed url   hostname: null,
160 verbose parsed url   hash: null,
160 verbose parsed url   search: null,
160 verbose parsed url   query: null,
160 verbose parsed url   pathname: 'karma-coffee-preprocessor@=0.2.1',
160 verbose parsed url   path: 'karma-coffee-preprocessor@=0.2.1',
160 verbose parsed url   href: 'karma-coffee-preprocessor@=0.2.1' }
161 verbose cache add name="karma-coffee-preprocessor" spec="=0.2.1" args=["karma-coffee-preprocessor","=0.2.1"]
162 verbose parsed url { protocol: null,
162 verbose parsed url   slashes: null,
162 verbose parsed url   auth: null,
162 verbose parsed url   host: null,
162 verbose parsed url   port: null,
162 verbose parsed url   hostname: null,
162 verbose parsed url   hash: null,
162 verbose parsed url   search: null,
162 verbose parsed url   query: null,
162 verbose parsed url   pathname: '=0.2.1',
162 verbose parsed url   path: '=0.2.1',
162 verbose parsed url   href: '=0.2.1' }
163 verbose addNamed [ 'karma-coffee-preprocessor', '=0.2.1' ]
164 verbose addNamed [ null, '=0.2.1' ]
165 silly lockFile 99cea0b8-karma-coffee-preprocessor-0-2-1 karma-coffee-preprocessor@=0.2.1
166 verbose lock karma-coffee-preprocessor@=0.2.1 /home/ubuntu/.npm/99cea0b8-karma-coffee-preprocessor-0-2-1.lock
167 verbose cache add [ 'karma-chrome-launcher@=0.1.7', null ]
168 verbose cache add name=undefined spec="karma-chrome-launcher@=0.1.7" args=["karma-chrome-launcher@=0.1.7",null]
169 verbose parsed url { protocol: null,
169 verbose parsed url   slashes: null,
169 verbose parsed url   auth: null,
169 verbose parsed url   host: null,
169 verbose parsed url   port: null,
169 verbose parsed url   hostname: null,
169 verbose parsed url   hash: null,
169 verbose parsed url   search: null,
169 verbose parsed url   query: null,
169 verbose parsed url   pathname: 'karma-chrome-launcher@=0.1.7',
169 verbose parsed url   path: 'karma-chrome-launcher@=0.1.7',
169 verbose parsed url   href: 'karma-chrome-launcher@=0.1.7' }
170 verbose cache add name="karma-chrome-launcher" spec="=0.1.7" args=["karma-chrome-launcher","=0.1.7"]
171 verbose parsed url { protocol: null,
171 verbose parsed url   slashes: null,
171 verbose parsed url   auth: null,
171 verbose parsed url   host: null,
171 verbose parsed url   port: null,
171 verbose parsed url   hostname: null,
171 verbose parsed url   hash: null,
171 verbose parsed url   search: null,
171 verbose parsed url   query: null,
171 verbose parsed url   pathname: '=0.1.7',
171 verbose parsed url   path: '=0.1.7',
171 verbose parsed url   href: '=0.1.7' }
172 verbose addNamed [ 'karma-chrome-launcher', '=0.1.7' ]
173 verbose addNamed [ null, '=0.1.7' ]
174 silly lockFile 15303ae2-karma-chrome-launcher-0-1-7 karma-chrome-launcher@=0.1.7
175 verbose lock karma-chrome-launcher@=0.1.7 /home/ubuntu/.npm/15303ae2-karma-chrome-launcher-0-1-7.lock
176 verbose cache add [ 'karma-coverage@=0.2.7', null ]
177 verbose cache add name=undefined spec="karma-coverage@=0.2.7" args=["karma-coverage@=0.2.7",null]
178 verbose parsed url { protocol: null,
178 verbose parsed url   slashes: null,
178 verbose parsed url   auth: null,
178 verbose parsed url   host: null,
178 verbose parsed url   port: null,
178 verbose parsed url   hostname: null,
178 verbose parsed url   hash: null,
178 verbose parsed url   search: null,
178 verbose parsed url   query: null,
178 verbose parsed url   pathname: 'karma-coverage@=0.2.7',
178 verbose parsed url   path: 'karma-coverage@=0.2.7',
178 verbose parsed url   href: 'karma-coverage@=0.2.7' }
179 verbose cache add name="karma-coverage" spec="=0.2.7" args=["karma-coverage","=0.2.7"]
180 verbose parsed url { protocol: null,
180 verbose parsed url   slashes: null,
180 verbose parsed url   auth: null,
180 verbose parsed url   host: null,
180 verbose parsed url   port: null,
180 verbose parsed url   hostname: null,
180 verbose parsed url   hash: null,
180 verbose parsed url   search: null,
180 verbose parsed url   query: null,
180 verbose parsed url   pathname: '=0.2.7',
180 verbose parsed url   path: '=0.2.7',
180 verbose parsed url   href: '=0.2.7' }
181 verbose addNamed [ 'karma-coverage', '=0.2.7' ]
182 verbose addNamed [ null, '=0.2.7' ]
183 silly lockFile d169ab22-karma-coverage-0-2-7 karma-coverage@=0.2.7
184 verbose lock karma-coverage@=0.2.7 /home/ubuntu/.npm/d169ab22-karma-coverage-0-2-7.lock
185 verbose cache add [ 'karma-firefox-launcher@=0.1.4', null ]
186 verbose cache add name=undefined spec="karma-firefox-launcher@=0.1.4" args=["karma-firefox-launcher@=0.1.4",null]
187 verbose parsed url { protocol: null,
187 verbose parsed url   slashes: null,
187 verbose parsed url   auth: null,
187 verbose parsed url   host: null,
187 verbose parsed url   port: null,
187 verbose parsed url   hostname: null,
187 verbose parsed url   hash: null,
187 verbose parsed url   search: null,
187 verbose parsed url   query: null,
187 verbose parsed url   pathname: 'karma-firefox-launcher@=0.1.4',
187 verbose parsed url   path: 'karma-firefox-launcher@=0.1.4',
187 verbose parsed url   href: 'karma-firefox-launcher@=0.1.4' }
188 verbose cache add name="karma-firefox-launcher" spec="=0.1.4" args=["karma-firefox-launcher","=0.1.4"]
189 verbose parsed url { protocol: null,
189 verbose parsed url   slashes: null,
189 verbose parsed url   auth: null,
189 verbose parsed url   host: null,
189 verbose parsed url   port: null,
189 verbose parsed url   hostname: null,
189 verbose parsed url   hash: null,
189 verbose parsed url   search: null,
189 verbose parsed url   query: null,
189 verbose parsed url   pathname: '=0.1.4',
189 verbose parsed url   path: '=0.1.4',
189 verbose parsed url   href: '=0.1.4' }
190 verbose addNamed [ 'karma-firefox-launcher', '=0.1.4' ]
191 verbose addNamed [ null, '=0.1.4' ]
192 silly lockFile aa2b967f-karma-firefox-launcher-0-1-4 karma-firefox-launcher@=0.1.4
193 verbose lock karma-firefox-launcher@=0.1.4 /home/ubuntu/.npm/aa2b967f-karma-firefox-launcher-0-1-4.lock
194 verbose cache add [ 'karma-jasmine@=0.1.5', null ]
195 verbose cache add name=undefined spec="karma-jasmine@=0.1.5" args=["karma-jasmine@=0.1.5",null]
196 verbose parsed url { protocol: null,
196 verbose parsed url   slashes: null,
196 verbose parsed url   auth: null,
196 verbose parsed url   host: null,
196 verbose parsed url   port: null,
196 verbose parsed url   hostname: null,
196 verbose parsed url   hash: null,
196 verbose parsed url   search: null,
196 verbose parsed url   query: null,
196 verbose parsed url   pathname: 'karma-jasmine@=0.1.5',
196 verbose parsed url   path: 'karma-jasmine@=0.1.5',
196 verbose parsed url   href: 'karma-jasmine@=0.1.5' }
197 verbose cache add name="karma-jasmine" spec="=0.1.5" args=["karma-jasmine","=0.1.5"]
198 verbose parsed url { protocol: null,
198 verbose parsed url   slashes: null,
198 verbose parsed url   auth: null,
198 verbose parsed url   host: null,
198 verbose parsed url   port: null,
198 verbose parsed url   hostname: null,
198 verbose parsed url   hash: null,
198 verbose parsed url   search: null,
198 verbose parsed url   query: null,
198 verbose parsed url   pathname: '=0.1.5',
198 verbose parsed url   path: '=0.1.5',
198 verbose parsed url   href: '=0.1.5' }
199 verbose addNamed [ 'karma-jasmine', '=0.1.5' ]
200 verbose addNamed [ null, '=0.1.5' ]
201 silly lockFile 2c8e0721-karma-jasmine-0-1-5 karma-jasmine@=0.1.5
202 verbose lock karma-jasmine@=0.1.5 /home/ubuntu/.npm/2c8e0721-karma-jasmine-0-1-5.lock
203 verbose cache add [ 'karma-phantomjs-launcher@=0.1.4', null ]
204 verbose cache add name=undefined spec="karma-phantomjs-launcher@=0.1.4" args=["karma-phantomjs-launcher@=0.1.4",null]
205 verbose parsed url { protocol: null,
205 verbose parsed url   slashes: null,
205 verbose parsed url   auth: null,
205 verbose parsed url   host: null,
205 verbose parsed url   port: null,
205 verbose parsed url   hostname: null,
205 verbose parsed url   hash: null,
205 verbose parsed url   search: null,
205 verbose parsed url   query: null,
205 verbose parsed url   pathname: 'karma-phantomjs-launcher@=0.1.4',
205 verbose parsed url   path: 'karma-phantomjs-launcher@=0.1.4',
205 verbose parsed url   href: 'karma-phantomjs-launcher@=0.1.4' }
206 verbose cache add name="karma-phantomjs-launcher" spec="=0.1.4" args=["karma-phantomjs-launcher","=0.1.4"]
207 verbose parsed url { protocol: null,
207 verbose parsed url   slashes: null,
207 verbose parsed url   auth: null,
207 verbose parsed url   host: null,
207 verbose parsed url   port: null,
207 verbose parsed url   hostname: null,
207 verbose parsed url   hash: null,
207 verbose parsed url   search: null,
207 verbose parsed url   query: null,
207 verbose parsed url   pathname: '=0.1.4',
207 verbose parsed url   path: '=0.1.4',
207 verbose parsed url   href: '=0.1.4' }
208 verbose addNamed [ 'karma-phantomjs-launcher', '=0.1.4' ]
209 verbose addNamed [ null, '=0.1.4' ]
210 silly lockFile 12b8da09-karma-phantomjs-launcher-0-1-4 karma-phantomjs-launcher@=0.1.4
211 verbose lock karma-phantomjs-launcher@=0.1.4 /home/ubuntu/.npm/12b8da09-karma-phantomjs-launcher-0-1-4.lock
212 verbose cache add [ 'karma-requirejs@=0.2.2', null ]
213 verbose cache add name=undefined spec="karma-requirejs@=0.2.2" args=["karma-requirejs@=0.2.2",null]
214 verbose parsed url { protocol: null,
214 verbose parsed url   slashes: null,
214 verbose parsed url   auth: null,
214 verbose parsed url   host: null,
214 verbose parsed url   port: null,
214 verbose parsed url   hostname: null,
214 verbose parsed url   hash: null,
214 verbose parsed url   search: null,
214 verbose parsed url   query: null,
214 verbose parsed url   pathname: 'karma-requirejs@=0.2.2',
214 verbose parsed url   path: 'karma-requirejs@=0.2.2',
214 verbose parsed url   href: 'karma-requirejs@=0.2.2' }
215 verbose cache add name="karma-requirejs" spec="=0.2.2" args=["karma-requirejs","=0.2.2"]
216 verbose parsed url { protocol: null,
216 verbose parsed url   slashes: null,
216 verbose parsed url   auth: null,
216 verbose parsed url   host: null,
216 verbose parsed url   port: null,
216 verbose parsed url   hostname: null,
216 verbose parsed url   hash: null,
216 verbose parsed url   search: null,
216 verbose parsed url   query: null,
216 verbose parsed url   pathname: '=0.2.2',
216 verbose parsed url   path: '=0.2.2',
216 verbose parsed url   href: '=0.2.2' }
217 verbose addNamed [ 'karma-requirejs', '=0.2.2' ]
218 verbose addNamed [ null, '=0.2.2' ]
219 silly lockFile c9a72b65-karma-requirejs-0-2-2 karma-requirejs@=0.2.2
220 verbose lock karma-requirejs@=0.2.2 /home/ubuntu/.npm/c9a72b65-karma-requirejs-0-2-2.lock
221 verbose cache add [ 'karma-script-launcher@=0.1.0', null ]
222 verbose cache add name=undefined spec="karma-script-launcher@=0.1.0" args=["karma-script-launcher@=0.1.0",null]
223 verbose parsed url { protocol: null,
223 verbose parsed url   slashes: null,
223 verbose parsed url   auth: null,
223 verbose parsed url   host: null,
223 verbose parsed url   port: null,
223 verbose parsed url   hostname: null,
223 verbose parsed url   hash: null,
223 verbose parsed url   search: null,
223 verbose parsed url   query: null,
223 verbose parsed url   pathname: 'karma-script-launcher@=0.1.0',
223 verbose parsed url   path: 'karma-script-launcher@=0.1.0',
223 verbose parsed url   href: 'karma-script-launcher@=0.1.0' }
224 verbose cache add name="karma-script-launcher" spec="=0.1.0" args=["karma-script-launcher","=0.1.0"]
225 verbose parsed url { protocol: null,
225 verbose parsed url   slashes: null,
225 verbose parsed url   auth: null,
225 verbose parsed url   host: null,
225 verbose parsed url   port: null,
225 verbose parsed url   hostname: null,
225 verbose parsed url   hash: null,
225 verbose parsed url   search: null,
225 verbose parsed url   query: null,
225 verbose parsed url   pathname: '=0.1.0',
225 verbose parsed url   path: '=0.1.0',
225 verbose parsed url   href: '=0.1.0' }
226 verbose addNamed [ 'karma-script-launcher', '=0.1.0' ]
227 verbose addNamed [ null, '=0.1.0' ]
228 silly lockFile 4230250d-karma-script-launcher-0-1-0 karma-script-launcher@=0.1.0
229 verbose lock karma-script-launcher@=0.1.0 /home/ubuntu/.npm/4230250d-karma-script-launcher-0-1-0.lock
230 verbose cache add [ 'postcss-assets@^1.0.0', null ]
231 verbose cache add name=undefined spec="postcss-assets@^1.0.0" args=["postcss-assets@^1.0.0",null]
232 verbose parsed url { protocol: null,
232 verbose parsed url   slashes: null,
232 verbose parsed url   auth: null,
232 verbose parsed url   host: null,
232 verbose parsed url   port: null,
232 verbose parsed url   hostname: null,
232 verbose parsed url   hash: null,
232 verbose parsed url   search: null,
232 verbose parsed url   query: null,
232 verbose parsed url   pathname: 'postcss-assets@^1.0.0',
232 verbose parsed url   path: 'postcss-assets@^1.0.0',
232 verbose parsed url   href: 'postcss-assets@^1.0.0' }
233 verbose cache add name="postcss-assets" spec="^1.0.0" args=["postcss-assets","^1.0.0"]
234 verbose parsed url { protocol: null,
234 verbose parsed url   slashes: null,
234 verbose parsed url   auth: null,
234 verbose parsed url   host: null,
234 verbose parsed url   port: null,
234 verbose parsed url   hostname: null,
234 verbose parsed url   hash: null,
234 verbose parsed url   search: null,
234 verbose parsed url   query: null,
234 verbose parsed url   pathname: '^1.0.0',
234 verbose parsed url   path: '^1.0.0',
234 verbose parsed url   href: '^1.0.0' }
235 verbose addNamed [ 'postcss-assets', '^1.0.0' ]
236 verbose addNamed [ null, '>=1.0.0-0 <2.0.0-0' ]
237 silly lockFile 34c0cedc-postcss-assets-1-0-0 postcss-assets@^1.0.0
238 verbose lock postcss-assets@^1.0.0 /home/ubuntu/.npm/34c0cedc-postcss-assets-1-0-0.lock
239 verbose cache add [ 'protractor@=1.6.1', null ]
240 verbose cache add name=undefined spec="protractor@=1.6.1" args=["protractor@=1.6.1",null]
241 verbose parsed url { protocol: null,
241 verbose parsed url   slashes: null,
241 verbose parsed url   auth: null,
241 verbose parsed url   host: null,
241 verbose parsed url   port: null,
241 verbose parsed url   hostname: null,
241 verbose parsed url   hash: null,
241 verbose parsed url   search: null,
241 verbose parsed url   query: null,
241 verbose parsed url   pathname: 'protractor@=1.6.1',
241 verbose parsed url   path: 'protractor@=1.6.1',
241 verbose parsed url   href: 'protractor@=1.6.1' }
242 verbose cache add name="protractor" spec="=1.6.1" args=["protractor","=1.6.1"]
243 verbose parsed url { protocol: null,
243 verbose parsed url   slashes: null,
243 verbose parsed url   auth: null,
243 verbose parsed url   host: null,
243 verbose parsed url   port: null,
243 verbose parsed url   hostname: null,
243 verbose parsed url   hash: null,
243 verbose parsed url   search: null,
243 verbose parsed url   query: null,
243 verbose parsed url   pathname: '=1.6.1',
243 verbose parsed url   path: '=1.6.1',
243 verbose parsed url   href: '=1.6.1' }
244 verbose addNamed [ 'protractor', '=1.6.1' ]
245 verbose addNamed [ null, '=1.6.1' ]
246 silly lockFile d0e21a3b-protractor-1-6-1 protractor@=1.6.1
247 verbose lock protractor@=1.6.1 /home/ubuntu/.npm/d0e21a3b-protractor-1-6-1.lock
248 verbose cache add [ 'underscore@=1.7.0', null ]
249 verbose cache add name=undefined spec="underscore@=1.7.0" args=["underscore@=1.7.0",null]
250 verbose parsed url { protocol: null,
250 verbose parsed url   slashes: null,
250 verbose parsed url   auth: null,
250 verbose parsed url   host: null,
250 verbose parsed url   port: null,
250 verbose parsed url   hostname: null,
250 verbose parsed url   hash: null,
250 verbose parsed url   search: null,
250 verbose parsed url   query: null,
250 verbose parsed url   pathname: 'underscore@=1.7.0',
250 verbose parsed url   path: 'underscore@=1.7.0',
250 verbose parsed url   href: 'underscore@=1.7.0' }
251 verbose cache add name="underscore" spec="=1.7.0" args=["underscore","=1.7.0"]
252 verbose parsed url { protocol: null,
252 verbose parsed url   slashes: null,
252 verbose parsed url   auth: null,
252 verbose parsed url   host: null,
252 verbose parsed url   port: null,
252 verbose parsed url   hostname: null,
252 verbose parsed url   hash: null,
252 verbose parsed url   search: null,
252 verbose parsed url   query: null,
252 verbose parsed url   pathname: '=1.7.0',
252 verbose parsed url   path: '=1.7.0',
252 verbose parsed url   href: '=1.7.0' }
253 verbose addNamed [ 'underscore', '=1.7.0' ]
254 verbose addNamed [ null, '=1.7.0' ]
255 silly lockFile 9704ad0c-underscore-1-7-0 underscore@=1.7.0
256 verbose lock underscore@=1.7.0 /home/ubuntu/.npm/9704ad0c-underscore-1-7-0.lock
257 verbose cache add [ 'amdefine@=0.1.0', null ]
258 verbose cache add name=undefined spec="amdefine@=0.1.0" args=["amdefine@=0.1.0",null]
259 verbose parsed url { protocol: null,
259 verbose parsed url   slashes: null,
259 verbose parsed url   auth: null,
259 verbose parsed url   host: null,
259 verbose parsed url   port: null,
259 verbose parsed url   hostname: null,
259 verbose parsed url   hash: null,
259 verbose parsed url   search: null,
259 verbose parsed url   query: null,
259 verbose parsed url   pathname: 'amdefine@=0.1.0',
259 verbose parsed url   path: 'amdefine@=0.1.0',
259 verbose parsed url   href: 'amdefine@=0.1.0' }
260 verbose cache add name="amdefine" spec="=0.1.0" args=["amdefine","=0.1.0"]
261 verbose parsed url { protocol: null,
261 verbose parsed url   slashes: null,
261 verbose parsed url   auth: null,
261 verbose parsed url   host: null,
261 verbose parsed url   port: null,
261 verbose parsed url   hostname: null,
261 verbose parsed url   hash: null,
261 verbose parsed url   search: null,
261 verbose parsed url   query: null,
261 verbose parsed url   pathname: '=0.1.0',
261 verbose parsed url   path: '=0.1.0',
261 verbose parsed url   href: '=0.1.0' }
262 verbose addNamed [ 'amdefine', '=0.1.0' ]
263 verbose addNamed [ null, '=0.1.0' ]
264 silly lockFile 88353fc8-amdefine-0-1-0 amdefine@=0.1.0
265 verbose lock amdefine@=0.1.0 /home/ubuntu/.npm/88353fc8-amdefine-0-1-0.lock
266 verbose cache add [ 'autoprefixer-core@latest', null ]
267 verbose cache add name=undefined spec="autoprefixer-core@latest" args=["autoprefixer-core@latest",null]
268 verbose parsed url { protocol: null,
268 verbose parsed url   slashes: null,
268 verbose parsed url   auth: null,
268 verbose parsed url   host: null,
268 verbose parsed url   port: null,
268 verbose parsed url   hostname: null,
268 verbose parsed url   hash: null,
268 verbose parsed url   search: null,
268 verbose parsed url   query: null,
268 verbose parsed url   pathname: 'autoprefixer-core@latest',
268 verbose parsed url   path: 'autoprefixer-core@latest',
268 verbose parsed url   href: 'autoprefixer-core@latest' }
269 verbose cache add name="autoprefixer-core" spec="latest" args=["autoprefixer-core","latest"]
270 verbose parsed url { protocol: null,
270 verbose parsed url   slashes: null,
270 verbose parsed url   auth: null,
270 verbose parsed url   host: null,
270 verbose parsed url   port: null,
270 verbose parsed url   hostname: null,
270 verbose parsed url   hash: null,
270 verbose parsed url   search: null,
270 verbose parsed url   query: null,
270 verbose parsed url   pathname: 'latest',
270 verbose parsed url   path: 'latest',
270 verbose parsed url   href: 'latest' }
271 verbose addNamed [ 'autoprefixer-core', 'latest' ]
272 verbose addNamed [ null, null ]
273 silly lockFile 2b60f77a-autoprefixer-core-latest autoprefixer-core@latest
274 verbose lock autoprefixer-core@latest /home/ubuntu/.npm/2b60f77a-autoprefixer-core-latest.lock
275 verbose url raw gulp-protractor/0.0.12
276 verbose url resolving [ 'https://registry.npmjs.org/', './gulp-protractor/0.0.12' ]
277 verbose url resolved https://registry.npmjs.org/gulp-protractor/0.0.12
278 info trying registry request attempt 1 at 14:09:03
279 http GET https://registry.npmjs.org/gulp-protractor/0.0.12
280 verbose addRemoteGit [ 'git://github.com/StarterSquad/gulp-requirejs.git', 'master' ]
281 verbose url raw gulp-ng-annotate/0.5.0
282 verbose url resolving [ 'https://registry.npmjs.org/', './gulp-ng-annotate/0.5.0' ]
283 verbose url resolved https://registry.npmjs.org/gulp-ng-annotate/0.5.0
284 info trying registry request attempt 1 at 14:09:03
285 http GET https://registry.npmjs.org/gulp-ng-annotate/0.5.0
286 verbose url raw gulp-karma/0.0.4
287 verbose url resolving [ 'https://registry.npmjs.org/', './gulp-karma/0.0.4' ]
288 verbose url resolved https://registry.npmjs.org/gulp-karma/0.0.4
289 info trying registry request attempt 1 at 14:09:03
290 http GET https://registry.npmjs.org/gulp-karma/0.0.4
291 verbose url raw gulp-gh-pages/0.3.3
292 verbose url resolving [ 'https://registry.npmjs.org/', './gulp-gh-pages/0.3.3' ]
293 verbose url resolved https://registry.npmjs.org/gulp-gh-pages/0.3.3
294 info trying registry request attempt 1 at 14:09:03
295 http GET https://registry.npmjs.org/gulp-gh-pages/0.3.3
296 verbose url raw gulp-uglify/1.1.0
297 verbose url resolving [ 'https://registry.npmjs.org/', './gulp-uglify/1.1.0' ]
298 verbose url resolved https://registry.npmjs.org/gulp-uglify/1.1.0
299 info trying registry request attempt 1 at 14:09:03
300 http GET https://registry.npmjs.org/gulp-uglify/1.1.0
301 verbose url raw gulp-util/3.0.2
302 verbose url resolving [ 'https://registry.npmjs.org/', './gulp-util/3.0.2' ]
303 verbose url resolved https://registry.npmjs.org/gulp-util/3.0.2
304 info trying registry request attempt 1 at 14:09:03
305 http GET https://registry.npmjs.org/gulp-util/3.0.2
306 verbose url raw gulp-sass/1.3.2
307 verbose url resolving [ 'https://registry.npmjs.org/', './gulp-sass/1.3.2' ]
308 verbose url resolved https://registry.npmjs.org/gulp-sass/1.3.2
309 info trying registry request attempt 1 at 14:09:03
310 http GET https://registry.npmjs.org/gulp-sass/1.3.2
311 silly addNameRange { name: 'postcss-assets',
311 silly addNameRange   range: '>=1.0.0-0 <2.0.0-0',
311 silly addNameRange   hasData: false }
312 info addNameTag [ 'autoprefixer-core', 'latest' ]
313 verbose url raw karma/0.12.31
314 verbose url resolving [ 'https://registry.npmjs.org/', './karma/0.12.31' ]
315 verbose url resolved https://registry.npmjs.org/karma/0.12.31
316 info trying registry request attempt 1 at 14:09:03
317 http GET https://registry.npmjs.org/karma/0.12.31
318 verbose url raw karma-chrome-launcher/0.1.7
319 verbose url resolving [ 'https://registry.npmjs.org/',
319 verbose url resolving   './karma-chrome-launcher/0.1.7' ]
320 verbose url resolved https://registry.npmjs.org/karma-chrome-launcher/0.1.7
321 info trying registry request attempt 1 at 14:09:03
322 http GET https://registry.npmjs.org/karma-chrome-launcher/0.1.7
323 verbose url raw karma-coffee-preprocessor/0.2.1
324 verbose url resolving [ 'https://registry.npmjs.org/',
324 verbose url resolving   './karma-coffee-preprocessor/0.2.1' ]
325 verbose url resolved https://registry.npmjs.org/karma-coffee-preprocessor/0.2.1
326 info trying registry request attempt 1 at 14:09:03
327 http GET https://registry.npmjs.org/karma-coffee-preprocessor/0.2.1
328 verbose url raw karma-coverage/0.2.7
329 verbose url resolving [ 'https://registry.npmjs.org/', './karma-coverage/0.2.7' ]
330 verbose url resolved https://registry.npmjs.org/karma-coverage/0.2.7
331 info trying registry request attempt 1 at 14:09:03
332 http GET https://registry.npmjs.org/karma-coverage/0.2.7
333 verbose url raw karma-firefox-launcher/0.1.4
334 verbose url resolving [ 'https://registry.npmjs.org/',
334 verbose url resolving   './karma-firefox-launcher/0.1.4' ]
335 verbose url resolved https://registry.npmjs.org/karma-firefox-launcher/0.1.4
336 info trying registry request attempt 1 at 14:09:03
337 http GET https://registry.npmjs.org/karma-firefox-launcher/0.1.4
338 verbose url raw karma-jasmine/0.1.5
339 verbose url resolving [ 'https://registry.npmjs.org/', './karma-jasmine/0.1.5' ]
340 verbose url resolved https://registry.npmjs.org/karma-jasmine/0.1.5
341 info trying registry request attempt 1 at 14:09:03
342 http GET https://registry.npmjs.org/karma-jasmine/0.1.5
343 verbose url raw karma-phantomjs-launcher/0.1.4
344 verbose url resolving [ 'https://registry.npmjs.org/',
344 verbose url resolving   './karma-phantomjs-launcher/0.1.4' ]
345 verbose url resolved https://registry.npmjs.org/karma-phantomjs-launcher/0.1.4
346 info trying registry request attempt 1 at 14:09:03
347 http GET https://registry.npmjs.org/karma-phantomjs-launcher/0.1.4
348 verbose url raw karma-requirejs/0.2.2
349 verbose url resolving [ 'https://registry.npmjs.org/', './karma-requirejs/0.2.2' ]
350 verbose url resolved https://registry.npmjs.org/karma-requirejs/0.2.2
351 info trying registry request attempt 1 at 14:09:03
352 http GET https://registry.npmjs.org/karma-requirejs/0.2.2
353 verbose url raw karma-script-launcher/0.1.0
354 verbose url resolving [ 'https://registry.npmjs.org/',
354 verbose url resolving   './karma-script-launcher/0.1.0' ]
355 verbose url resolved https://registry.npmjs.org/karma-script-launcher/0.1.0
356 info trying registry request attempt 1 at 14:09:03
357 http GET https://registry.npmjs.org/karma-script-launcher/0.1.0
358 verbose url raw postcss-assets
359 verbose url resolving [ 'https://registry.npmjs.org/', './postcss-assets' ]
360 verbose url resolved https://registry.npmjs.org/postcss-assets
361 info trying registry request attempt 1 at 14:09:03
362 http GET https://registry.npmjs.org/postcss-assets
363 verbose url raw protractor/1.6.1
364 verbose url resolving [ 'https://registry.npmjs.org/', './protractor/1.6.1' ]
365 verbose url resolved https://registry.npmjs.org/protractor/1.6.1
366 info trying registry request attempt 1 at 14:09:03
367 http GET https://registry.npmjs.org/protractor/1.6.1
368 verbose url raw underscore/1.7.0
369 verbose url resolving [ 'https://registry.npmjs.org/', './underscore/1.7.0' ]
370 verbose url resolved https://registry.npmjs.org/underscore/1.7.0
371 info trying registry request attempt 1 at 14:09:03
372 http GET https://registry.npmjs.org/underscore/1.7.0
373 verbose url raw autoprefixer-core
374 verbose url resolving [ 'https://registry.npmjs.org/', './autoprefixer-core' ]
375 verbose url resolved https://registry.npmjs.org/autoprefixer-core
376 info trying registry request attempt 1 at 14:09:03
377 http GET https://registry.npmjs.org/autoprefixer-core
378 verbose url raw amdefine/0.1.0
379 verbose url resolving [ 'https://registry.npmjs.org/', './amdefine/0.1.0' ]
380 verbose url resolved https://registry.npmjs.org/amdefine/0.1.0
381 info trying registry request attempt 1 at 14:09:03
382 http GET https://registry.npmjs.org/amdefine/0.1.0
383 silly lockFile 3824ad8c--StarterSquad-gulp-requirejs-git git://github.com/StarterSquad/gulp-requirejs.git
384 silly lockFile 3824ad8c--StarterSquad-gulp-requirejs-git git://github.com/StarterSquad/gulp-requirejs.git
385 error Error: EACCES, mkdir '/home/ubuntu/.npm/_git-remotes/git-github-com-StarterSquad-gulp-requirejs-git-3824ad8c'
385 error  { [Error: EACCES, mkdir '/home/ubuntu/.npm/_git-remotes/git-github-com-StarterSquad-gulp-requirejs-git-3824ad8c']
385 error   errno: 3,
385 error   code: 'EACCES',
385 error   path: '/home/ubuntu/.npm/_git-remotes/git-github-com-StarterSquad-gulp-requirejs-git-3824ad8c' }
386 error Please try running this command again as root/Administrator.
387 error System Linux 3.13.0-43-generic
388 error command "/usr/bin/nodejs" "/usr/bin/npm" "install"
389 error cwd /var/www/html/hello/ngseed
390 error node -v v0.10.25
391 error npm -v 1.3.10
392 error path /home/ubuntu/.npm/_git-remotes/git-github-com-StarterSquad-gulp-requirejs-git-3824ad8c
393 error code EACCES
394 error errno 3
395 error stack Error: EACCES, mkdir '/home/ubuntu/.npm/_git-remotes/git-github-com-StarterSquad-gulp-requirejs-git-3824ad8c'
396 verbose exit [ 3, true ]
